<?xml version="1.0" encoding="UTF-8"?>
<testsuite name="Realizar compra de productos en la pagina demoblaze" tests="1" skipped="0" failures="1" errors="0" timestamp="2024-06-06T18:19:29" hostname="LAPTOP-UCF0SOAQ" time="17.463">
  <properties/>
  <testcase name="Comprar diferentes productos de forma exitosa" classname="Realizar compra de productos en la pagina demoblaze" time="17.463">
    <failure message="net.thucydides.core.webdriver.DriverConfigurationError: Could not instantiate class org.openqa.selenium.chrome.ChromeDriver" type="net.thucydides.core.webdriver.DriverConfigurationError">net.thucydides.core.webdriver.DriverConfigurationError: Could not instantiate class org.openqa.selenium.chrome.ChromeDriver
	at app//net.thucydides.core.webdriver.WebDriverFacade.newDriverInstance(WebDriverFacade.java:146)
	at app//net.thucydides.core.webdriver.WebDriverFacade.newProxyDriver(WebDriverFacade.java:134)
	at app//net.thucydides.core.webdriver.WebDriverFacade.getProxiedDriver(WebDriverFacade.java:104)
	at app//net.thucydides.core.webdriver.WebDriverFacade.get(WebDriverFacade.java:174)
	at app//net.serenitybdd.core.pages.PageObject.openPageAtUrl(PageObject.java:983)
	at app//net.serenitybdd.core.pages.PageObject.open(PageObject.java:881)
	at app//net.serenitybdd.core.pages.PageObject.open(PageObject.java:869)
	at app//net.serenitybdd.screenplay.actions.OpenPage.performAs(OpenPage.java:22)
	at app//net.serenitybdd.screenplay.actions.OpenPage$ByteBuddy$hfkor258.performAs$accessor$lcz5g4ot(Unknown Source)
	at java.base@11.0.20.1/jdk.internal.reflect.NativeMethodAccessorImpl.invoke0(Native Method)
	at java.base@11.0.20.1/jdk.internal.reflect.NativeMethodAccessorImpl.invoke(NativeMethodAccessorImpl.java:62)
	at java.base@11.0.20.1/jdk.internal.reflect.DelegatingMethodAccessorImpl.invoke(DelegatingMethodAccessorImpl.java:43)
	at java.base@11.0.20.1/java.lang.reflect.Method.invoke(Method.java:566)
	at app//net.thucydides.core.steps.StepInterceptor.invokeMethod(StepInterceptor.java:503)
	at app//net.thucydides.core.steps.StepInterceptor.executeTestStepMethod(StepInterceptor.java:483)
	at app//net.thucydides.core.steps.StepInterceptor.runTestStep(StepInterceptor.java:457)
	at app//net.thucydides.core.steps.StepInterceptor.runOrSkipMethod(StepInterceptor.java:209)
	at app//net.thucydides.core.steps.StepInterceptor.testStepResult(StepInterceptor.java:196)
	at app//net.thucydides.core.steps.StepInterceptor.intercept(StepInterceptor.java:84)
	at app//net.thucydides.core.steps.ProxyConfiguration$InterceptorDispatcher.intercept(ProxyConfiguration.java:51)
	at app//net.serenitybdd.screenplay.actions.OpenPage$ByteBuddy$hfkor258.performAs(Unknown Source)
	at app//net.serenitybdd.screenplay.Actor.performTask(Actor.java:283)
	at app//net.serenitybdd.screenplay.Actor.perform(Actor.java:262)
	at app//net.serenitybdd.screenplay.Actor.attemptsTo(Actor.java:203)
	at app//net.serenitybdd.screenplay.Actor.attemptsTo(Actor.java:210)
	at app//net.serenitybdd.screenplay.Actor.wasAbleTo(Actor.java:186)
	at app//org.konecta.web.StepDefinitions.OrderStepDefinitions.getIntoPage(OrderStepDefinitions.java:38)
	at âœ½.Mile ingresa a la pagina de demoblaze(file:///C:/Users/milei/IdeaProjects/WebShopingAut/src/test/resources/features/retoWeb.feature:5)
Caused by: net.thucydides.core.webdriver.DriverConfigurationError: Could not instantiate new WebDriver instance of type class org.openqa.selenium.chrome.ChromeDriver (The path to the driver executable The path to the driver executable must be set by the webdriver.chrome.driver system property; for more information, see https://github.com/SeleniumHQ/selenium/wiki/ChromeDriver. The latest version can be downloaded from https://chromedriver.storage.googleapis.com/index.html). See below for more details.
	at app//net.thucydides.core.webdriver.WebDriverFactory.newWebdriverInstance(WebDriverFactory.java:146)
	at app//net.thucydides.core.webdriver.WebDriverFacade.newDriverInstance(WebDriverFacade.java:143)
	at app//net.thucydides.core.webdriver.WebDriverFacade.newProxyDriver(WebDriverFacade.java:134)
	at app//net.thucydides.core.webdriver.WebDriverFacade.getProxiedDriver(WebDriverFacade.java:104)
	at app//net.thucydides.core.webdriver.WebDriverFacade.get(WebDriverFacade.java:174)
	at app//net.serenitybdd.core.pages.PageObject.openPageAtUrl(PageObject.java:983)
	at app//net.serenitybdd.core.pages.PageObject.open(PageObject.java:881)
	at app//net.serenitybdd.core.pages.PageObject.open(PageObject.java:869)
	at app//net.serenitybdd.screenplay.actions.OpenPage.performAs(OpenPage.java:22)
	at app//net.serenitybdd.screenplay.actions.OpenPage$ByteBuddy$hfkor258.performAs$accessor$lcz5g4ot(Unknown Source)
	at java.base@11.0.20.1/jdk.internal.reflect.NativeMethodAccessorImpl.invoke0(Native Method)
	at java.base@11.0.20.1/jdk.internal.reflect.NativeMethodAccessorImpl.invoke(NativeMethodAccessorImpl.java:62)
	at java.base@11.0.20.1/jdk.internal.reflect.DelegatingMethodAccessorImpl.invoke(DelegatingMethodAccessorImpl.java:43)
	at java.base@11.0.20.1/java.lang.reflect.Method.invoke(Method.java:566)
	at app//net.thucydides.core.steps.StepInterceptor.invokeMethod(StepInterceptor.java:503)
	at app//net.thucydides.core.steps.StepInterceptor.executeTestStepMethod(StepInterceptor.java:483)
	at app//net.thucydides.core.steps.StepInterceptor.runTestStep(StepInterceptor.java:457)
	at app//net.thucydides.core.steps.StepInterceptor.runOrSkipMethod(StepInterceptor.java:209)
	at app//net.thucydides.core.steps.StepInterceptor.testStepResult(StepInterceptor.java:196)
	at app//net.thucydides.core.steps.StepInterceptor.intercept(StepInterceptor.java:84)
	at app//net.thucydides.core.steps.ProxyConfiguration$InterceptorDispatcher.intercept(ProxyConfiguration.java:51)
	at app//net.serenitybdd.screenplay.actions.OpenPage$ByteBuddy$hfkor258.performAs(Unknown Source)
	at app//net.serenitybdd.screenplay.Actor.performTask(Actor.java:283)
	at app//net.serenitybdd.screenplay.Actor.perform(Actor.java:262)
	at app//net.serenitybdd.screenplay.Actor.attemptsTo(Actor.java:203)
	at app//net.serenitybdd.screenplay.Actor.attemptsTo(Actor.java:210)
	at app//net.serenitybdd.screenplay.Actor.wasAbleTo(Actor.java:186)
	at app//org.konecta.web.StepDefinitions.OrderStepDefinitions.getIntoPage(OrderStepDefinitions.java:38)
	at java.base@11.0.20.1/jdk.internal.reflect.NativeMethodAccessorImpl.invoke0(Native Method)
	at java.base@11.0.20.1/jdk.internal.reflect.NativeMethodAccessorImpl.invoke(NativeMethodAccessorImpl.java:62)
	at java.base@11.0.20.1/jdk.internal.reflect.DelegatingMethodAccessorImpl.invoke(DelegatingMethodAccessorImpl.java:43)
	at java.base@11.0.20.1/java.lang.reflect.Method.invoke(Method.java:566)
	at app//io.cucumber.java.Invoker.doInvoke(Invoker.java:66)
	at app//io.cucumber.java.Invoker.invoke(Invoker.java:24)
	at app//io.cucumber.java.AbstractGlueDefinition.invokeMethod(AbstractGlueDefinition.java:47)
	at app//io.cucumber.java.JavaStepDefinition.execute(JavaStepDefinition.java:29)
	at app//io.cucumber.core.runner.CoreStepDefinition.execute(CoreStepDefinition.java:66)
	at app//io.cucumber.core.runner.PickleStepDefinitionMatch.runStep(PickleStepDefinitionMatch.java:63)
	at app//io.cucumber.core.runner.ExecutionMode$1.execute(ExecutionMode.java:10)
	at app//io.cucumber.core.runner.TestStep.executeStep(TestStep.java:86)
	at app//io.cucumber.core.runner.TestStep.run(TestStep.java:57)
	at app//io.cucumber.core.runner.PickleStepTestStep.run(PickleStepTestStep.java:51)
	at app//io.cucumber.core.runner.TestCase.run(TestCase.java:95)
	at app//io.cucumber.core.runner.Runner.runPickle(Runner.java:75)
	at app//io.cucumber.junit.PickleRunners$NoStepDescriptions.lambda$run$0(PickleRunners.java:151)
	at app//io.cucumber.core.runtime.CucumberExecutionContext.lambda$runTestCase$3(CucumberExecutionContext.java:151)
	at app//io.cucumber.core.runtime.RethrowingThrowableCollector.executeAndThrow(RethrowingThrowableCollector.java:23)
	at app//io.cucumber.core.runtime.CucumberExecutionContext.runTestCase(CucumberExecutionContext.java:151)
	at app//io.cucumber.junit.PickleRunners$NoStepDescriptions.run(PickleRunners.java:148)
	at app//io.cucumber.junit.FeatureRunner.runChild(FeatureRunner.java:144)
	at app//io.cucumber.junit.FeatureRunner.runChild(FeatureRunner.java:28)
	at app//org.junit.runners.ParentRunner$4.run(ParentRunner.java:331)
	at app//org.junit.runners.ParentRunner$1.schedule(ParentRunner.java:79)
	at app//org.junit.runners.ParentRunner.runChildren(ParentRunner.java:329)
	at app//org.junit.runners.ParentRunner.access$100(ParentRunner.java:66)
	at app//org.junit.runners.ParentRunner$2.evaluate(ParentRunner.java:293)
	at app//org.junit.runners.ParentRunner$3.evaluate(ParentRunner.java:306)
	at app//org.junit.runners.ParentRunner.run(ParentRunner.java:413)
	at app//io.cucumber.junit.FeatureRunner.run(FeatureRunner.java:137)
	at app//io.cucumber.junit.CucumberSerenityRunner.runChild(CucumberSerenityRunner.java:258)
	at app//io.cucumber.junit.CucumberSerenityRunner.runChild(CucumberSerenityRunner.java:58)
	at app//org.junit.runners.ParentRunner$4.run(ParentRunner.java:331)
	at app//org.junit.runners.ParentRunner$1.schedule(ParentRunner.java:79)
	at app//org.junit.runners.ParentRunner.runChildren(ParentRunner.java:329)
	at app//org.junit.runners.ParentRunner.access$100(ParentRunner.java:66)
	at app//org.junit.runners.ParentRunner$2.evaluate(ParentRunner.java:293)
	at app//io.cucumber.junit.CucumberSerenityRunner$RunCucumber.evaluate(CucumberSerenityRunner.java:287)
	at app//org.junit.runners.ParentRunner$3.evaluate(ParentRunner.java:306)
	at app//org.junit.runners.ParentRunner.run(ParentRunner.java:413)
	at org.gradle.api.internal.tasks.testing.junit.JUnitTestClassExecutor.runTestClass(JUnitTestClassExecutor.java:110)
	at org.gradle.api.internal.tasks.testing.junit.JUnitTestClassExecutor.execute(JUnitTestClassExecutor.java:58)
	at org.gradle.api.internal.tasks.testing.junit.JUnitTestClassExecutor.execute(JUnitTestClassExecutor.java:38)
	at org.gradle.api.internal.tasks.testing.junit.AbstractJUnitTestClassProcessor.processTestClass(AbstractJUnitTestClassProcessor.java:62)
	at org.gradle.api.internal.tasks.testing.SuiteTestClassProcessor.processTestClass(SuiteTestClassProcessor.java:51)
	at java.base@11.0.20.1/jdk.internal.reflect.NativeMethodAccessorImpl.invoke0(Native Method)
	at java.base@11.0.20.1/jdk.internal.reflect.NativeMethodAccessorImpl.invoke(NativeMethodAccessorImpl.java:62)
	at java.base@11.0.20.1/jdk.internal.reflect.DelegatingMethodAccessorImpl.invoke(DelegatingMethodAccessorImpl.java:43)
	at java.base@11.0.20.1/java.lang.reflect.Method.invoke(Method.java:566)
	at org.gradle.internal.dispatch.ReflectionDispatch.dispatch(ReflectionDispatch.java:36)
	at org.gradle.internal.dispatch.ReflectionDispatch.dispatch(ReflectionDispatch.java:24)
	at org.gradle.internal.dispatch.ContextClassLoaderDispatch.dispatch(ContextClassLoaderDispatch.java:33)
	at org.gradle.internal.dispatch.ProxyDispatchAdapter$DispatchingInvocationHandler.invoke(ProxyDispatchAdapter.java:94)
	at com.sun.proxy.$Proxy2.processTestClass(Unknown Source)
	at org.gradle.api.internal.tasks.testing.worker.TestWorker$2.run(TestWorker.java:176)
	at org.gradle.api.internal.tasks.testing.worker.TestWorker.executeAndMaintainThreadName(TestWorker.java:129)
	at org.gradle.api.internal.tasks.testing.worker.TestWorker.execute(TestWorker.java:100)
	at org.gradle.api.internal.tasks.testing.worker.TestWorker.execute(TestWorker.java:60)
	at org.gradle.process.internal.worker.child.ActionExecutionWorker.execute(ActionExecutionWorker.java:56)
	at org.gradle.process.internal.worker.child.SystemApplicationClassLoaderWorker.call(SystemApplicationClassLoaderWorker.java:133)
	at org.gradle.process.internal.worker.child.SystemApplicationClassLoaderWorker.call(SystemApplicationClassLoaderWorker.java:71)
	at app//worker.org.gradle.process.internal.worker.GradleWorkerMain.run(GradleWorkerMain.java:69)
	at app//worker.org.gradle.process.internal.worker.GradleWorkerMain.main(GradleWorkerMain.java:74)
Caused by: java.lang.IllegalStateException: The path to the driver executable The path to the driver executable must be set by the webdriver.chrome.driver system property; for more information, see https://github.com/SeleniumHQ/selenium/wiki/ChromeDriver. The latest version can be downloaded from https://chromedriver.storage.googleapis.com/index.html
	at org.openqa.selenium.internal.Require$StateChecker.nonNull(Require.java:311)
	at org.openqa.selenium.remote.service.DriverService.findExecutable(DriverService.java:135)
	at org.openqa.selenium.chrome.ChromeDriverService.access$000(ChromeDriverService.java:38)
	at org.openqa.selenium.chrome.ChromeDriverService$Builder.findDefaultExecutable(ChromeDriverService.java:231)
	at org.openqa.selenium.remote.service.DriverService$Builder.build(DriverService.java:437)
	at org.openqa.selenium.chrome.ChromeDriverService.createServiceWithConfig(ChromeDriverService.java:141)
	at org.openqa.selenium.chrome.ChromeDriver.&lt;init&gt;(ChromeDriver.java:82)
	at net.serenitybdd.core.webdriver.driverproviders.ChromeDriverProvider.lambda$newInstance$0(ChromeDriverProvider.java:67)
	at net.serenitybdd.core.webdriver.driverproviders.ProvideNewDriver.withConfiguration(ProvideNewDriver.java:40)
	at net.serenitybdd.core.webdriver.driverproviders.ChromeDriverProvider.newInstance(ChromeDriverProvider.java:63)
	at net.thucydides.core.webdriver.WebDriverFactory.createWebDriver(WebDriverFactory.java:157)
	at net.thucydides.core.webdriver.WebDriverFactory.newWebdriverInstance(WebDriverFactory.java:136)
	... 91 more
</failure>
  </testcase>
  <system-out><![CDATA[?[92m|-- 1: Comprar diferentes productos de forma exitosa ({Phone=Samsung galaxy s6, Laptops=Dell i7 8gb, Monitors=Apple monitor 24})?[0m
?[92m|---- Given Mile ingresa a la pagina de demoblaze?[0m
?[92m|------ Usuario opens the Url page?[0m
?[92m|-------- When ella ingresa el nombre de los productos para hacer la compra: Samsung galaxy s6, Dell i7 8gb, Apple monitor 24?[0m
?[92m|-------- And ellla escribe los datos para para realizar el pedido?[0m
?[92m|-------- Then ella valida que la suma del valor de los productos sea igual al valor total?[0m
?[92m|-------- And ella valida el mensaje de compra exitosa: "Thank you for your purchase!"?[0m
]]></system-out>
  <system-err><![CDATA[[Test worker] INFO io.cucumber.core.plugin.SerenityReporter - Running feature from file:///C:/Users/milei/IdeaProjects/WebShopingAut/src/test/resources/features/retoWeb.feature
[Test worker] INFO  - ----------------
- TEST STARTED -
----------------

Comprar diferentes productos de forma exitosa(realizar-compra-de-productos-en-la-pagina-demoblaze;comprar-diferentes-productos-de-forma-exitosa)
----------------
[Test worker] INFO net.serenitybdd.core.webdriver.driverproviders.ChromeDriverProvider - Not using automatically driver download
[Test worker] INFO  - ?[91mSTEP ERROR: net.thucydides.core.webdriver.DriverConfigurationError: Could not instantiate class org.openqa.selenium.chrome.ChromeDriver?[0m
[Test worker] INFO  - ?[91mSTEP ERROR: net.thucydides.core.webdriver.DriverConfigurationError: Could not instantiate class org.openqa.selenium.chrome.ChromeDriver?[0m
[Test worker] INFO  - ?[33m      -> STEP IGNORED?[0m
[Test worker] INFO  - ?[33m      -> STEP IGNORED?[0m
[Test worker] INFO  - ?[33m      -> STEP IGNORED?[0m
[Test worker] INFO  - ?[33m      -> STEP IGNORED?[0m
[Test worker] INFO  - ?[91mSTEP ERROR: net.thucydides.core.webdriver.DriverConfigurationError: Could not instantiate new WebDriver instance of type class org.openqa.selenium.chrome.ChromeDriver (The path to the driver executable The path to the driver executable must be set by the webdriver.chrome.driver system property; for more information, see https://github.com/SeleniumHQ/selenium/wiki/ChromeDriver. The latest version can be downloaded from https://chromedriver.storage.googleapis.com/index.html). See below for more details.?[0m
[Test worker] ERROR  - ?[91m--------------
- TEST ERROR -
--------------

Comprar diferentes productos de forma exitosa
--------------?[0m
[Test worker] ERROR  - ?[91m    Test failed at step: Usuario opens the Url page?[0m
[Test worker] ERROR  - ?[91m    Could not instantiate new WebDriver instance of type class org.openqa.selenium.chrome.ChromeDriver (The path to the driver executable The path to the driver executable must be set by the webdriver.chrome.driver system property; for more information, see https://github.com/SeleniumHQ/selenium/wiki/ChromeDriver. The latest version can be downloaded from https://chromedriver.storage.googleapis.com/index.html). See below for more details.?[0m
]]></system-err>
</testsuite>
